Arguments: 
  d:\Program Files\nodejs\node.exe D:\Develop\nodejs\node_global\node_modules\yarn\bin\yarn.js

PATH: 
  D:\工作台\绩效项目\ear-monster\demo\node_modules\.bin;D:\工作台\绩效项目\ear-monster\node_modules\.bin;D:\工作台\绩效项目\node_modules\.bin;D:\工作台\node_modules\.bin;D:\node_modules\.bin;d:\Program Files\nodejs;C:\Program Files\Common Files\Oracle\Java\javapath;C:\Program Files (x86)\Common Files\Oracle\Java\javapath;C:\Windows\system32;C:\Windows;C:\Windows\System32\Wbem;C:\Windows\System32\WindowsPowerShell\v1.0\;C:\Windows\System32\OpenSSH\;D:\Program Files\Git\cmd;D:\Program Files\Java\jdk-17.0.1\bin;D:\set\maven\apache-maven-3.8.4\bin;d:\Roaming\nvm;d:\Program Files\nodejs;D:\Develop\nodejs\node_global;;d:\Program Files (x86)\Tencent\微信web开发者工具\dll;C:\Users\陈冰\Desktop\UAT_网点版本1\;C:\Users\陈冰\AppData\Local\Microsoft\WindowsApps;d:\Users\陈冰\AppData\Local\Programs\Microsoft VS Code\bin;D:\Program Files\Java\jdk-17.0.1\bin;d:\Roaming\nvm;d:\Program Files\nodejs;D:\Develop\nodejs\node_global;;d:\Users\陈冰\AppData\Local\Programs\Fiddler

Yarn version: 
  1.22.18

Node version: 
  17.0.0

Platform: 
  win32 x64

Trace: 
  Error: https://registry.npm.taobao.org/@vue%2fcli-plugin-babel: tunneling socket could not be established, cause=connect ECONNREFUSED 127.0.0.1:443
      at ClientRequest.onError (D:\Develop\nodejs\node_global\node_modules\yarn\lib\cli.js:152369:17)
      at Object.onceWrapper (node:events:510:26)
      at ClientRequest.emit (node:events:390:28)
      at Socket.socketErrorListener (node:_http_client:447:9)
      at Socket.emit (node:events:390:28)
      at emitErrorNT (node:internal/streams/destroy:164:8)
      at emitErrorCloseNT (node:internal/streams/destroy:129:3)
      at processTicksAndRejections (node:internal/process/task_queues:83:21)

npm manifest: 
  {
    "name": "demo",
    "version": "0.1.0",
    "private": true,
    "devDependencies": {
      "@vue/cli-plugin-babel": "~5.0.0",
      "@vue/cli-plugin-vuex": "~5.0.0",
      "@vue/cli-plugin-eslint": "~5.0.0",
      "@vue/cli-service": "~5.0.0"
    },
    "readme": "ERROR: No README data found!",
    "_id": "demo@0.1.0"
  }

yarn manifest: 
  No manifest

Lockfile: 
  No lockfile
